Flow report for scheme1
Wed Mar 04 16:04:40 2020
Quartus II Version 9.1 Build 350 03/24/2010 Service Pack 2 SJ Web Edition


---------------------
; Table of Contents ;
---------------------
  1. Legal Notice
  2. Flow Summary
  3. Flow Settings
  4. Flow Non-Default Global Settings
  5. Flow Elapsed Time
  6. Flow OS Summary
  7. Flow Log



----------------
; Legal Notice ;
----------------
Copyright (C) 1991-2010 Altera Corporation
Your use of Altera Corporation's design tools, logic functions 
and other software and tools, and its AMPP partner logic 
functions, and any output files from any of the foregoing 
(including device programming or simulation files), and any 
associated documentation or information are expressly subject 
to the terms and conditions of the Altera Program License 
Subscription Agreement, Altera MegaCore Function License 
Agreement, or other applicable license agreement, including, 
without limitation, that your use is for the sole purpose of 
programming logic devices manufactured by Altera and sold by 
Altera or its authorized distributors.  Please refer to the 
applicable agreement for further details.



+------------------------------------------------------------------------+
; Flow Summary                                                           ;
+-------------------------+----------------------------------------------+
; Flow Status             ; Successful - Wed Mar 04 16:04:40 2020        ;
; Quartus II Version      ; 9.1 Build 350 03/24/2010 SP 2 SJ Web Edition ;
; Revision Name           ; scheme1                                      ;
; Top-level Entity Name   ; scheme1                                      ;
; Family                  ; Cyclone                                      ;
; Device                  ; EP1C3T144C8                                  ;
; Timing Models           ; Final                                        ;
; Met timing requirements ; Yes                                          ;
; Total logic elements    ; 1 / 2,910 ( < 1 % )                          ;
; Total pins              ; 3 / 104 ( 3 % )                              ;
; Total virtual pins      ; 0                                            ;
; Total memory bits       ; 0 / 59,904 ( 0 % )                           ;
; Total PLLs              ; 0 / 1 ( 0 % )                                ;
+-------------------------+----------------------------------------------+


+-----------------------------------------+
; Flow Settings                           ;
+-------------------+---------------------+
; Option            ; Setting             ;
+-------------------+---------------------+
; Start date & time ; 03/04/2020 16:04:36 ;
; Main task         ; Compilation         ;
; Revision Name     ; scheme1             ;
+-------------------+---------------------+


+---------------------------------------------------------------------------------------------------------------------------------------------+
; Flow Non-Default Global Settings                                                                                                            ;
+------------------------------------+---------------------------------------------------------+---------------+-------------+----------------+
; Assignment Name                    ; Value                                                   ; Default Value ; Entity Name ; Section Id     ;
+------------------------------------+---------------------------------------------------------+---------------+-------------+----------------+
; COMPILER_SIGNATURE_ID              ; 146394933722.158331267503136                            ; --            ; --          ; --             ;
; MISC_FILE                          ; C:/Users/ip811s11.msft/Desktop/lab4/scheme1/scheme1.dpf ; --            ; --          ; --             ;
; PARTITION_COLOR                    ; 16764057                                                ; --            ; --          ; Top            ;
; PARTITION_NETLIST_TYPE             ; SOURCE                                                  ; --            ; --          ; Top            ;
; USE_GENERATED_PHYSICAL_CONSTRAINTS ; Off                                                     ; --            ; --          ; eda_blast_fpga ;
+------------------------------------+---------------------------------------------------------+---------------+-------------+----------------+


+-----------------------------------------------------------------------------------------------------------------------------+
; Flow Elapsed Time                                                                                                           ;
+-------------------------+--------------+-------------------------+---------------------+------------------------------------+
; Module Name             ; Elapsed Time ; Average Processors Used ; Peak Virtual Memory ; Total CPU Time (on all processors) ;
+-------------------------+--------------+-------------------------+---------------------+------------------------------------+
; Analysis & Synthesis    ; 00:00:01     ; 1.0                     ; 202 MB              ; 00:00:00                           ;
; Fitter                  ; 00:00:01     ; 1.0                     ; 198 MB              ; 00:00:01                           ;
; Assembler               ; 00:00:00     ; 1.0                     ; 184 MB              ; 00:00:00                           ;
; Classic Timing Analyzer ; 00:00:00     ; 1.0                     ; 149 MB              ; 00:00:00                           ;
; Total                   ; 00:00:02     ; --                      ; --                  ; 00:00:01                           ;
+-------------------------+--------------+-------------------------+---------------------+------------------------------------+


+------------------------------------------------------------------------------------------+
; Flow OS Summary                                                                          ;
+-------------------------+------------------+---------------+------------+----------------+
; Module Name             ; Machine Hostname ; OS Name       ; OS Version ; Processor type ;
+-------------------------+------------------+---------------+------------+----------------+
; Analysis & Synthesis    ; rwp07            ; Windows Vista ; 6.1        ; x86_64         ;
; Fitter                  ; rwp07            ; Windows Vista ; 6.1        ; x86_64         ;
; Assembler               ; rwp07            ; Windows Vista ; 6.1        ; x86_64         ;
; Classic Timing Analyzer ; rwp07            ; Windows Vista ; 6.1        ; x86_64         ;
+-------------------------+------------------+---------------+------------+----------------+


------------
; Flow Log ;
------------
quartus_map --read_settings_files=on --write_settings_files=off scheme1 -c scheme1
quartus_fit --read_settings_files=off --write_settings_files=off scheme1 -c scheme1
quartus_asm --read_settings_files=off --write_settings_files=off scheme1 -c scheme1
quartus_tan --read_settings_files=off --write_settings_files=off scheme1 -c scheme1 --timing_analysis_only



