Classic Timing Analyzer report for scheme3
Wed Feb 26 16:49:57 2020
Quartus II Version 9.1 Build 350 03/24/2010 Service Pack 2 SJ Web Edition


---------------------
; Table of Contents ;
---------------------
  1. Legal Notice
  2. Timing Analyzer Summary
  3. Timing Analyzer Settings
  4. Parallel Compilation
  5. tpd
  6. Timing Analyzer Messages



----------------
; Legal Notice ;
----------------
Copyright (C) 1991-2010 Altera Corporation
Your use of Altera Corporation's design tools, logic functions 
and other software and tools, and its AMPP partner logic 
functions, and any output files from any of the foregoing 
(including device programming or simulation files), and any 
associated documentation or information are expressly subject 
to the terms and conditions of the Altera Program License 
Subscription Agreement, Altera MegaCore Function License 
Agreement, or other applicable license agreement, including, 
without limitation, that your use is for the sole purpose of 
programming logic devices manufactured by Altera and sold by 
Altera or its authorized distributors.  Please refer to the 
applicable agreement for further details.



+-----------------------------------------------------------------------------------------------------------------------+
; Timing Analyzer Summary                                                                                               ;
+------------------------------+-------+---------------+-------------+------+----+------------+----------+--------------+
; Type                         ; Slack ; Required Time ; Actual Time ; From ; To ; From Clock ; To Clock ; Failed Paths ;
+------------------------------+-------+---------------+-------------+------+----+------------+----------+--------------+
; Worst-case tpd               ; N/A   ; None          ; 13.162 ns   ; x3   ; B  ; --         ; --       ; 0            ;
; Total number of failed paths ;       ;               ;             ;      ;    ;            ;          ; 0            ;
+------------------------------+-------+---------------+-------------+------+----+------------+----------+--------------+


+-----------------------------------------------------------------------------------------------------------------------------------------------------+
; Timing Analyzer Settings                                                                                                                            ;
+------------------------------------------------------------------------------------------------------+--------------------+------+----+-------------+
; Option                                                                                               ; Setting            ; From ; To ; Entity Name ;
+------------------------------------------------------------------------------------------------------+--------------------+------+----+-------------+
; Device Name                                                                                          ; EP1C3T144C8        ;      ;    ;             ;
; Timing Models                                                                                        ; Final              ;      ;    ;             ;
; Default hold multicycle                                                                              ; Same as Multicycle ;      ;    ;             ;
; Cut paths between unrelated clock domains                                                            ; On                 ;      ;    ;             ;
; Cut off read during write signal paths                                                               ; On                 ;      ;    ;             ;
; Cut off feedback from I/O pins                                                                       ; On                 ;      ;    ;             ;
; Report Combined Fast/Slow Timing                                                                     ; Off                ;      ;    ;             ;
; Ignore Clock Settings                                                                                ; Off                ;      ;    ;             ;
; Analyze latches as synchronous elements                                                              ; On                 ;      ;    ;             ;
; Enable Recovery/Removal analysis                                                                     ; Off                ;      ;    ;             ;
; Enable Clock Latency                                                                                 ; Off                ;      ;    ;             ;
; Use TimeQuest Timing Analyzer                                                                        ; Off                ;      ;    ;             ;
; Minimum Core Junction Temperature                                                                    ; 0                  ;      ;    ;             ;
; Maximum Core Junction Temperature                                                                    ; 85                 ;      ;    ;             ;
; Number of source nodes to report per destination node                                                ; 10                 ;      ;    ;             ;
; Number of destination nodes to report                                                                ; 10                 ;      ;    ;             ;
; Number of paths to report                                                                            ; 200                ;      ;    ;             ;
; Report Minimum Timing Checks                                                                         ; Off                ;      ;    ;             ;
; Use Fast Timing Models                                                                               ; Off                ;      ;    ;             ;
; Report IO Paths Separately                                                                           ; Off                ;      ;    ;             ;
; Perform Multicorner Analysis                                                                         ; Off                ;      ;    ;             ;
; Reports the worst-case path for each clock domain and analysis                                       ; Off                ;      ;    ;             ;
; Reports worst-case timing paths for each clock domain and analysis                                   ; On                 ;      ;    ;             ;
; Specifies the maximum number of worst-case timing paths to report for each clock domain and analysis ; 100                ;      ;    ;             ;
; Removes common clock path pessimism (CCPP) during slack computation                                  ; Off                ;      ;    ;             ;
; Output I/O Timing Endpoint                                                                           ; Near End           ;      ;    ;             ;
+------------------------------------------------------------------------------------------------------+--------------------+------+----+-------------+


Parallel compilation was disabled, but you have multiple processors available. Enable parallel compilation to reduce compilation time.
+-------------------------------------+
; Parallel Compilation                ;
+----------------------------+--------+
; Processors                 ; Number ;
+----------------------------+--------+
; Number detected on machine ; 2      ;
; Maximum allowed            ; 1      ;
+----------------------------+--------+


+---------------------------------------------------------+
; tpd                                                     ;
+-------+-------------------+-----------------+------+----+
; Slack ; Required P2P Time ; Actual P2P Time ; From ; To ;
+-------+-------------------+-----------------+------+----+
; N/A   ; None              ; 13.162 ns       ; x3   ; B  ;
; N/A   ; None              ; 13.161 ns       ; x3   ; C  ;
; N/A   ; None              ; 13.156 ns       ; x3   ; D  ;
; N/A   ; None              ; 13.153 ns       ; x3   ; A  ;
; N/A   ; None              ; 13.144 ns       ; x3   ; G  ;
; N/A   ; None              ; 12.937 ns       ; x4   ; C  ;
; N/A   ; None              ; 12.936 ns       ; x4   ; D  ;
; N/A   ; None              ; 12.927 ns       ; x4   ; G  ;
; N/A   ; None              ; 12.925 ns       ; x4   ; B  ;
; N/A   ; None              ; 12.921 ns       ; x4   ; A  ;
; N/A   ; None              ; 12.871 ns       ; x3   ; E  ;
; N/A   ; None              ; 12.710 ns       ; x3   ; F  ;
; N/A   ; None              ; 12.619 ns       ; x1   ; E  ;
; N/A   ; None              ; 12.618 ns       ; x1   ; C  ;
; N/A   ; None              ; 12.617 ns       ; x1   ; D  ;
; N/A   ; None              ; 12.615 ns       ; x1   ; B  ;
; N/A   ; None              ; 12.609 ns       ; x1   ; G  ;
; N/A   ; None              ; 12.606 ns       ; x1   ; A  ;
; N/A   ; None              ; 12.482 ns       ; x4   ; F  ;
; N/A   ; None              ; 12.211 ns       ; x2   ; B  ;
; N/A   ; None              ; 12.210 ns       ; x2   ; C  ;
; N/A   ; None              ; 12.207 ns       ; x2   ; E  ;
; N/A   ; None              ; 12.205 ns       ; x2   ; D  ;
; N/A   ; None              ; 12.203 ns       ; x2   ; A  ;
; N/A   ; None              ; 12.197 ns       ; x2   ; G  ;
; N/A   ; None              ; 12.163 ns       ; x1   ; F  ;
; N/A   ; None              ; 11.760 ns       ; x2   ; F  ;
+-------+-------------------+-----------------+------+----+


+--------------------------+
; Timing Analyzer Messages ;
+--------------------------+
Info: *******************************************************************
Info: Running Quartus II Classic Timing Analyzer
    Info: Version 9.1 Build 350 03/24/2010 Service Pack 2 SJ Web Edition
    Info: Processing started: Wed Feb 26 16:49:57 2020
Info: Command: quartus_tan --read_settings_files=off --write_settings_files=off scheme3 -c scheme3 --timing_analysis_only
Info: Longest tpd from source pin "x3" to destination pin "B" is 13.162 ns
    Info: 1: + IC(0.000 ns) + CELL(1.475 ns) = 1.475 ns; Loc. = PIN_54; Fanout = 7; PIN Node = 'x3'
    Info: 2: + IC(7.438 ns) + CELL(0.590 ns) = 9.503 ns; Loc. = LC_X26_Y10_N5; Fanout = 1; COMB Node = '74247:inst1|81~0'
    Info: 3: + IC(1.535 ns) + CELL(2.124 ns) = 13.162 ns; Loc. = PIN_97; Fanout = 0; PIN Node = 'B'
    Info: Total cell delay = 4.189 ns ( 31.83 % )
    Info: Total interconnect delay = 8.973 ns ( 68.17 % )
Info: Quartus II Classic Timing Analyzer was successful. 0 errors, 0 warnings
    Info: Peak virtual memory: 164 megabytes
    Info: Processing ended: Wed Feb 26 16:49:57 2020
    Info: Elapsed time: 00:00:00
    Info: Total CPU time (on all processors): 00:00:00


