Analysis & Synthesis report for scheme3
Wed Mar 11 17:15:55 2020
Quartus II Version 9.1 Build 350 03/24/2010 Service Pack 2 SJ Web Edition


---------------------
; Table of Contents ;
---------------------
  1. Legal Notice
  2. Analysis & Synthesis Summary
  3. Analysis & Synthesis Settings
  4. Parallel Compilation
  5. Analysis & Synthesis Source Files Read
  6. Analysis & Synthesis Resource Usage Summary
  7. Analysis & Synthesis Resource Utilization by Entity
  8. Registers Removed During Synthesis
  9. Removed Registers Triggering Further Register Optimizations
 10. General Register Statistics
 11. Source assignments for lpm_counter0:inst|lpm_counter:lpm_counter_component
 12. Parameter Settings for User Entity Instance: lpm_counter0:inst|lpm_counter:lpm_counter_component
 13. Analysis & Synthesis Messages



----------------
; Legal Notice ;
----------------
Copyright (C) 1991-2010 Altera Corporation
Your use of Altera Corporation's design tools, logic functions 
and other software and tools, and its AMPP partner logic 
functions, and any output files from any of the foregoing 
(including device programming or simulation files), and any 
associated documentation or information are expressly subject 
to the terms and conditions of the Altera Program License 
Subscription Agreement, Altera MegaCore Function License 
Agreement, or other applicable license agreement, including, 
without limitation, that your use is for the sole purpose of 
programming logic devices manufactured by Altera and sold by 
Altera or its authorized distributors.  Please refer to the 
applicable agreement for further details.



+----------------------------------------------------------------------------+
; Analysis & Synthesis Summary                                               ;
+-----------------------------+----------------------------------------------+
; Analysis & Synthesis Status ; Successful - Wed Mar 11 17:15:55 2020        ;
; Quartus II Version          ; 9.1 Build 350 03/24/2010 SP 2 SJ Web Edition ;
; Revision Name               ; scheme3                                      ;
; Top-level Entity Name       ; scheme3                                      ;
; Family                      ; Cyclone                                      ;
; Total logic elements        ; 0                                            ;
; Total pins                  ; 12                                           ;
; Total virtual pins          ; 0                                            ;
; Total memory bits           ; 0                                            ;
; Total PLLs                  ; 0                                            ;
+-----------------------------+----------------------------------------------+


+----------------------------------------------------------------------------------------------------------------------+
; Analysis & Synthesis Settings                                                                                        ;
+----------------------------------------------------------------------------+--------------------+--------------------+
; Option                                                                     ; Setting            ; Default Value      ;
+----------------------------------------------------------------------------+--------------------+--------------------+
; Device                                                                     ; EP1C3T144C8        ;                    ;
; Top-level entity name                                                      ; scheme3            ; scheme3            ;
; Family name                                                                ; Cyclone            ; Stratix II         ;
; Use Generated Physical Constraints File                                    ; Off                ;                    ;
; Use smart compilation                                                      ; Off                ; Off                ;
; Enable parallel Assembler and TimeQuest Timing Analyzer during compilation ; On                 ; On                 ;
; Enable compact report table                                                ; Off                ; Off                ;
; Restructure Multiplexers                                                   ; Auto               ; Auto               ;
; Create Debugging Nodes for IP Cores                                        ; Off                ; Off                ;
; Preserve fewer node names                                                  ; On                 ; On                 ;
; Disable OpenCore Plus hardware evaluation                                  ; Off                ; Off                ;
; Verilog Version                                                            ; Verilog_2001       ; Verilog_2001       ;
; VHDL Version                                                               ; VHDL_1993          ; VHDL_1993          ;
; State Machine Processing                                                   ; Auto               ; Auto               ;
; Safe State Machine                                                         ; Off                ; Off                ;
; Extract Verilog State Machines                                             ; On                 ; On                 ;
; Extract VHDL State Machines                                                ; On                 ; On                 ;
; Ignore Verilog initial constructs                                          ; Off                ; Off                ;
; Iteration limit for constant Verilog loops                                 ; 5000               ; 5000               ;
; Iteration limit for non-constant Verilog loops                             ; 250                ; 250                ;
; Add Pass-Through Logic to Inferred RAMs                                    ; On                 ; On                 ;
; Parallel Synthesis                                                         ; On                 ; On                 ;
; NOT Gate Push-Back                                                         ; On                 ; On                 ;
; Power-Up Don't Care                                                        ; On                 ; On                 ;
; Remove Redundant Logic Cells                                               ; Off                ; Off                ;
; Remove Duplicate Registers                                                 ; On                 ; On                 ;
; Ignore CARRY Buffers                                                       ; Off                ; Off                ;
; Ignore CASCADE Buffers                                                     ; Off                ; Off                ;
; Ignore GLOBAL Buffers                                                      ; Off                ; Off                ;
; Ignore ROW GLOBAL Buffers                                                  ; Off                ; Off                ;
; Ignore LCELL Buffers                                                       ; Off                ; Off                ;
; Ignore SOFT Buffers                                                        ; On                 ; On                 ;
; Limit AHDL Integers to 32 Bits                                             ; Off                ; Off                ;
; Optimization Technique                                                     ; Balanced           ; Balanced           ;
; Carry Chain Length                                                         ; 70                 ; 70                 ;
; Auto Carry Chains                                                          ; On                 ; On                 ;
; Auto Open-Drain Pins                                                       ; On                 ; On                 ;
; Perform WYSIWYG Primitive Resynthesis                                      ; Off                ; Off                ;
; Auto ROM Replacement                                                       ; On                 ; On                 ;
; Auto RAM Replacement                                                       ; On                 ; On                 ;
; Auto Shift Register Replacement                                            ; Auto               ; Auto               ;
; Auto Clock Enable Replacement                                              ; On                 ; On                 ;
; Strict RAM Replacement                                                     ; Off                ; Off                ;
; Allow Synchronous Control Signals                                          ; On                 ; On                 ;
; Force Use of Synchronous Clear Signals                                     ; Off                ; Off                ;
; Auto RAM Block Balancing                                                   ; On                 ; On                 ;
; Auto RAM to Logic Cell Conversion                                          ; Off                ; Off                ;
; Auto Resource Sharing                                                      ; Off                ; Off                ;
; Allow Any RAM Size For Recognition                                         ; Off                ; Off                ;
; Allow Any ROM Size For Recognition                                         ; Off                ; Off                ;
; Allow Any Shift Register Size For Recognition                              ; Off                ; Off                ;
; Use LogicLock Constraints during Resource Balancing                        ; On                 ; On                 ;
; Ignore translate_off and synthesis_off directives                          ; Off                ; Off                ;
; Show Parameter Settings Tables in Synthesis Report                         ; On                 ; On                 ;
; Ignore Maximum Fan-Out Assignments                                         ; Off                ; Off                ;
; Synchronization Register Chain Length                                      ; 2                  ; 2                  ;
; PowerPlay Power Optimization                                               ; Normal compilation ; Normal compilation ;
; HDL message level                                                          ; Level2             ; Level2             ;
; Suppress Register Optimization Related Messages                            ; Off                ; Off                ;
; Number of Removed Registers Reported in Synthesis Report                   ; 5000               ; 5000               ;
; Number of Inverted Registers Reported in Synthesis Report                  ; 100                ; 100                ;
; Clock MUX Protection                                                       ; On                 ; On                 ;
; Block Design Naming                                                        ; Auto               ; Auto               ;
; Synthesis Effort                                                           ; Auto               ; Auto               ;
; Shift Register Replacement - Allow Asynchronous Clear Signal               ; On                 ; On                 ;
; Analysis & Synthesis Message Level                                         ; Medium             ; Medium             ;
; Disable Register Merging Across Hierarchies                                ; Auto               ; Auto               ;
; Resource Aware Inference For Block RAM                                     ; On                 ; On                 ;
+----------------------------------------------------------------------------+--------------------+--------------------+


Parallel compilation was disabled, but you have multiple processors available. Enable parallel compilation to reduce compilation time.
+-------------------------------------+
; Parallel Compilation                ;
+----------------------------+--------+
; Processors                 ; Number ;
+----------------------------+--------+
; Number detected on machine ; 2      ;
; Maximum allowed            ; 1      ;
+----------------------------+--------+


+-----------------------------------------------------------------------------------------------------------------------------------------------------------+
; Analysis & Synthesis Source Files Read                                                                                                                    ;
+----------------------------------+-----------------+------------------------------------+-----------------------------------------------------------------+
; File Name with User-Entered Path ; Used in Netlist ; File Type                          ; File Name with Absolute Path                                    ;
+----------------------------------+-----------------+------------------------------------+-----------------------------------------------------------------+
; scheme3.bdf                      ; yes             ; User Block Diagram/Schematic File  ; C:/Users/ip811s11.msft/Desktop/lab5/scheme3/scheme3.bdf         ;
; 74166.bdf                        ; yes             ; Megafunction                       ; c:/altera/91sp2/quartus/libraries/others/maxplus2/74166.bdf     ;
; lpm_counter0.tdf                 ; yes             ; Auto-Found Wizard-Generated File   ; C:/Users/ip811s11.msft/Desktop/lab5/scheme3/lpm_counter0.tdf    ;
; lpm_counter.inc                  ; yes             ; Megafunction                       ; c:/altera/91sp2/quartus/libraries/megafunctions/lpm_counter.inc ;
; lpm_counter.tdf                  ; yes             ; Megafunction                       ; c:/altera/91sp2/quartus/libraries/megafunctions/lpm_counter.tdf ;
; db/cntr_nth.tdf                  ; yes             ; Auto-Generated Megafunction        ; C:/Users/ip811s11.msft/Desktop/lab5/scheme3/db/cntr_nth.tdf     ;
+----------------------------------+-----------------+------------------------------------+-----------------------------------------------------------------+


+-----------------------------------------------------+
; Analysis & Synthesis Resource Usage Summary         ;
+---------------------------------------------+-------+
; Resource                                    ; Usage ;
+---------------------------------------------+-------+
; Total logic elements                        ; 0     ;
;     -- Combinational with no register       ; 0     ;
;     -- Register only                        ; 0     ;
;     -- Combinational with a register        ; 0     ;
;                                             ;       ;
; Logic element usage by number of LUT inputs ;       ;
;     -- 4 input functions                    ; 0     ;
;     -- 3 input functions                    ; 0     ;
;     -- 2 input functions                    ; 0     ;
;     -- 1 input functions                    ; 0     ;
;     -- 0 input functions                    ; 0     ;
;                                             ;       ;
; Logic elements by mode                      ;       ;
;     -- normal mode                          ; 0     ;
;     -- arithmetic mode                      ; 0     ;
;     -- qfbk mode                            ; 0     ;
;     -- register cascade mode                ; 0     ;
;     -- synchronous clear/load mode          ; 0     ;
;     -- asynchronous clear/load mode         ; 0     ;
;                                             ;       ;
; Total registers                             ; 0     ;
; I/O pins                                    ; 12    ;
+---------------------------------------------+-------+


+-----------------------------------------------------------------------------------------------------------------------------------------------------------------------------------------------------------------------+
; Analysis & Synthesis Resource Utilization by Entity                                                                                                                                                                   ;
+----------------------------+-------------+--------------+-------------+------+--------------+--------------+-------------------+------------------+-----------------+------------+---------------------+--------------+
; Compilation Hierarchy Node ; Logic Cells ; LC Registers ; Memory Bits ; Pins ; Virtual Pins ; LUT-Only LCs ; Register-Only LCs ; LUT/Register LCs ; Carry Chain LCs ; Packed LCs ; Full Hierarchy Name ; Library Name ;
+----------------------------+-------------+--------------+-------------+------+--------------+--------------+-------------------+------------------+-----------------+------------+---------------------+--------------+
; |scheme3                   ; 0 (0)       ; 0            ; 0           ; 12   ; 0            ; 0 (0)        ; 0 (0)             ; 0 (0)            ; 0 (0)           ; 0 (0)      ; |scheme3            ; work         ;
+----------------------------+-------------+--------------+-------------+------+--------------+--------------+-------------------+------------------+-----------------+------------+---------------------+--------------+
Note: For table entries with two numbers listed, the numbers in parentheses indicate the number of resources of the given type used by the specific entity alone. The numbers listed outside of parentheses indicate the total resources of the given type used by the specific entity and all of its sub-entities in the hierarchy.


+------------------------------------------------------------------------------------------------------------------------------------+
; Registers Removed During Synthesis                                                                                                 ;
+-------------------------------------------------------------------------------------------+----------------------------------------+
; Register name                                                                             ; Reason for Removal                     ;
+-------------------------------------------------------------------------------------------+----------------------------------------+
; 74166:inst9|15                                                                            ; Stuck at VCC due to stuck port data_in ;
; 74166:inst9|16                                                                            ; Stuck at VCC due to stuck port data_in ;
; 74166:inst9|17                                                                            ; Stuck at VCC due to stuck port data_in ;
; 74166:inst9|18                                                                            ; Stuck at VCC due to stuck port data_in ;
; 74166:inst9|19                                                                            ; Stuck at VCC due to stuck port data_in ;
; 74166:inst9|20                                                                            ; Stuck at VCC due to stuck port data_in ;
; 74166:inst9|21                                                                            ; Stuck at VCC due to stuck port data_in ;
; 74166:inst9|22                                                                            ; Stuck at VCC due to stuck port data_in ;
; inst3                                                                                     ; Lost fanout                            ;
; lpm_counter0:inst|lpm_counter:lpm_counter_component|cntr_nth:auto_generated|safe_q[0..18] ; Lost fanout                            ;
; Total Number of Removed Registers = 28                                                    ;                                        ;
+-------------------------------------------------------------------------------------------+----------------------------------------+


+------------------------------------------------------------------------------------------------------------------------------+
; Removed Registers Triggering Further Register Optimizations                                                                  ;
+----------------+---------------------------+---------------------------------------------------------------------------------+
; Register name  ; Reason for Removal        ; Registers Removed due to This Register                                          ;
+----------------+---------------------------+---------------------------------------------------------------------------------+
; 74166:inst9|15 ; Stuck at VCC              ; 74166:inst9|16, 74166:inst9|17, 74166:inst9|18, 74166:inst9|19, 74166:inst9|20, ;
;                ; due to stuck port data_in ; 74166:inst9|21, 74166:inst9|22, inst3                                           ;
+----------------+---------------------------+---------------------------------------------------------------------------------+


+------------------------------------------------------+
; General Register Statistics                          ;
+----------------------------------------------+-------+
; Statistic                                    ; Value ;
+----------------------------------------------+-------+
; Total registers                              ; 0     ;
; Number of registers using Synchronous Clear  ; 0     ;
; Number of registers using Synchronous Load   ; 0     ;
; Number of registers using Asynchronous Clear ; 0     ;
; Number of registers using Asynchronous Load  ; 0     ;
; Number of registers using Clock Enable       ; 0     ;
; Number of registers using Preset             ; 0     ;
+----------------------------------------------+-------+


+----------------------------------------------------------------------------+
; Source assignments for lpm_counter0:inst|lpm_counter:lpm_counter_component ;
+---------------------------+-------+------+---------------------------------+
; Assignment                ; Value ; From ; To                              ;
+---------------------------+-------+------+---------------------------------+
; SUPPRESS_DA_RULE_INTERNAL ; a101  ; -    ; -                               ;
; SUPPRESS_DA_RULE_INTERNAL ; s102  ; -    ; -                               ;
; SUPPRESS_DA_RULE_INTERNAL ; s103  ; -    ; -                               ;
+---------------------------+-------+------+---------------------------------+


+--------------------------------------------------------------------------------------------------+
; Parameter Settings for User Entity Instance: lpm_counter0:inst|lpm_counter:lpm_counter_component ;
+------------------------+-------------+-----------------------------------------------------------+
; Parameter Name         ; Value       ; Type                                                      ;
+------------------------+-------------+-----------------------------------------------------------+
; AUTO_CARRY_CHAINS      ; ON          ; AUTO_CARRY                                                ;
; IGNORE_CARRY_BUFFERS   ; OFF         ; IGNORE_CARRY                                              ;
; AUTO_CASCADE_CHAINS    ; ON          ; AUTO_CASCADE                                              ;
; IGNORE_CASCADE_BUFFERS ; OFF         ; IGNORE_CASCADE                                            ;
; LPM_WIDTH              ; 19          ; Untyped                                                   ;
; LPM_DIRECTION          ; UP          ; Untyped                                                   ;
; LPM_MODULUS            ; 0           ; Untyped                                                   ;
; LPM_AVALUE             ; UNUSED      ; Untyped                                                   ;
; LPM_SVALUE             ; UNUSED      ; Untyped                                                   ;
; LPM_PORT_UPDOWN        ; PORT_UNUSED ; Untyped                                                   ;
; DEVICE_FAMILY          ; Cyclone     ; Untyped                                                   ;
; CARRY_CHAIN            ; MANUAL      ; Untyped                                                   ;
; CARRY_CHAIN_LENGTH     ; 48          ; CARRY_CHAIN_LENGTH                                        ;
; NOT_GATE_PUSH_BACK     ; ON          ; NOT_GATE_PUSH_BACK                                        ;
; CARRY_CNT_EN           ; SMART       ; Untyped                                                   ;
; LABWIDE_SCLR           ; ON          ; Untyped                                                   ;
; USE_NEW_VERSION        ; TRUE        ; Untyped                                                   ;
; CBXI_PARAMETER         ; cntr_nth    ; Untyped                                                   ;
+------------------------+-------------+-----------------------------------------------------------+
Note: In order to hide this table in the UI and the text report file, please set the "Show Parameter Settings Tables in Synthesis Report" option in "Analysis and Synthesis Settings -> More Settings" to "Off".


+-------------------------------+
; Analysis & Synthesis Messages ;
+-------------------------------+
Info: *******************************************************************
Info: Running Quartus II Analysis & Synthesis
    Info: Version 9.1 Build 350 03/24/2010 Service Pack 2 SJ Web Edition
    Info: Processing started: Wed Mar 11 17:15:55 2020
Info: Command: quartus_map --read_settings_files=on --write_settings_files=off scheme3 -c scheme3
Info: Found 1 design units, including 1 entities, in source file scheme3.bdf
    Info: Found entity 1: scheme3
Info: Elaborating entity "scheme3" for the top level hierarchy
Info: Elaborating entity "74166" for hierarchy "74166:inst9"
Info: Elaborated megafunction instantiation "74166:inst9"
Warning: Using design file lpm_counter0.tdf, which is not specified as a design file for the current project, but contains definitions for 1 design units and 1 entities in project
    Info: Found entity 1: lpm_counter0
Info: Elaborating entity "lpm_counter0" for hierarchy "lpm_counter0:inst"
Info: Elaborating entity "lpm_counter" for hierarchy "lpm_counter0:inst|lpm_counter:lpm_counter_component"
Info: Elaborated megafunction instantiation "lpm_counter0:inst|lpm_counter:lpm_counter_component"
Info: Instantiated megafunction "lpm_counter0:inst|lpm_counter:lpm_counter_component" with the following parameter:
    Info: Parameter "LPM_TYPE" = "LPM_COUNTER"
    Info: Parameter "LPM_WIDTH" = "19"
    Info: Parameter "LPM_DIRECTION" = "UP"
    Info: Parameter "LPM_PORT_UPDOWN" = "PORT_UNUSED"
Info: Found 1 design units, including 1 entities, in source file db/cntr_nth.tdf
    Info: Found entity 1: cntr_nth
Info: Elaborating entity "cntr_nth" for hierarchy "lpm_counter0:inst|lpm_counter:lpm_counter_component|cntr_nth:auto_generated"
Warning: Output pins are stuck at VCC or GND
    Warning (13410): Pin "gen_out" is stuck at VCC
    Warning (13410): Pin "Q" is stuck at VCC
Info: 20 registers lost all their fanouts during netlist optimizations. The first 20 are displayed below.
    Info: Register "inst3" lost all its fanouts during netlist optimizations.
    Info: Register "lpm_counter0:inst|lpm_counter:lpm_counter_component|cntr_nth:auto_generated|safe_q[0]" lost all its fanouts during netlist optimizations.
    Info: Register "lpm_counter0:inst|lpm_counter:lpm_counter_component|cntr_nth:auto_generated|safe_q[1]" lost all its fanouts during netlist optimizations.
    Info: Register "lpm_counter0:inst|lpm_counter:lpm_counter_component|cntr_nth:auto_generated|safe_q[2]" lost all its fanouts during netlist optimizations.
    Info: Register "lpm_counter0:inst|lpm_counter:lpm_counter_component|cntr_nth:auto_generated|safe_q[3]" lost all its fanouts during netlist optimizations.
    Info: Register "lpm_counter0:inst|lpm_counter:lpm_counter_component|cntr_nth:auto_generated|safe_q[4]" lost all its fanouts during netlist optimizations.
    Info: Register "lpm_counter0:inst|lpm_counter:lpm_counter_component|cntr_nth:auto_generated|safe_q[5]" lost all its fanouts during netlist optimizations.
    Info: Register "lpm_counter0:inst|lpm_counter:lpm_counter_component|cntr_nth:auto_generated|safe_q[6]" lost all its fanouts during netlist optimizations.
    Info: Register "lpm_counter0:inst|lpm_counter:lpm_counter_component|cntr_nth:auto_generated|safe_q[7]" lost all its fanouts during netlist optimizations.
    Info: Register "lpm_counter0:inst|lpm_counter:lpm_counter_component|cntr_nth:auto_generated|safe_q[8]" lost all its fanouts during netlist optimizations.
    Info: Register "lpm_counter0:inst|lpm_counter:lpm_counter_component|cntr_nth:auto_generated|safe_q[9]" lost all its fanouts during netlist optimizations.
    Info: Register "lpm_counter0:inst|lpm_counter:lpm_counter_component|cntr_nth:auto_generated|safe_q[10]" lost all its fanouts during netlist optimizations.
    Info: Register "lpm_counter0:inst|lpm_counter:lpm_counter_component|cntr_nth:auto_generated|safe_q[11]" lost all its fanouts during netlist optimizations.
    Info: Register "lpm_counter0:inst|lpm_counter:lpm_counter_component|cntr_nth:auto_generated|safe_q[12]" lost all its fanouts during netlist optimizations.
    Info: Register "lpm_counter0:inst|lpm_counter:lpm_counter_component|cntr_nth:auto_generated|safe_q[13]" lost all its fanouts during netlist optimizations.
    Info: Register "lpm_counter0:inst|lpm_counter:lpm_counter_component|cntr_nth:auto_generated|safe_q[14]" lost all its fanouts during netlist optimizations.
    Info: Register "lpm_counter0:inst|lpm_counter:lpm_counter_component|cntr_nth:auto_generated|safe_q[15]" lost all its fanouts during netlist optimizations.
    Info: Register "lpm_counter0:inst|lpm_counter:lpm_counter_component|cntr_nth:auto_generated|safe_q[16]" lost all its fanouts during netlist optimizations.
    Info: Register "lpm_counter0:inst|lpm_counter:lpm_counter_component|cntr_nth:auto_generated|safe_q[17]" lost all its fanouts during netlist optimizations.
    Info: Register "lpm_counter0:inst|lpm_counter:lpm_counter_component|cntr_nth:auto_generated|safe_q[18]" lost all its fanouts during netlist optimizations.
Warning: Design contains 10 input pin(s) that do not drive logic
    Warning (15610): No output dependent on input pin "B"
    Warning (15610): No output dependent on input pin "D"
    Warning (15610): No output dependent on input pin "E"
    Warning (15610): No output dependent on input pin "F"
    Warning (15610): No output dependent on input pin "C"
    Warning (15610): No output dependent on input pin "STLD"
    Warning (15610): No output dependent on input pin "H"
    Warning (15610): No output dependent on input pin "G"
    Warning (15610): No output dependent on input pin "CLK"
    Warning (15610): No output dependent on input pin "Button"
Info: Implemented 12 device resources after synthesis - the final resource count might be different
    Info: Implemented 10 input pins
    Info: Implemented 2 output pins
Info: Quartus II Analysis & Synthesis was successful. 0 errors, 15 warnings
    Info: Peak virtual memory: 208 megabytes
    Info: Processing ended: Wed Mar 11 17:15:55 2020
    Info: Elapsed time: 00:00:00
    Info: Total CPU time (on all processors): 00:00:01


